2025-08-20 17:45:37,787 [Worker-2: Loading available Gradle versions] INFO  o.e.b.c.i.u.g.PublishedGradleVersions - Gradle version information cache is up-to-date. Trying to read.
2025-08-20 17:46:03,081 [Worker-8: Importing Maven projects] INFO  o.e.m.c.i.l.LifecycleMappingFactory - Using org.eclipse.m2e.jdt.JarLifecycleMapping lifecycle mapping for MavenProject: com.management:shop:0.0.1-SNAPSHOT @ /home/junaid/Workspaces/shop-management-backend/shop/pom.xml.
2025-08-20 17:46:03,978 [Worker-8: Importing Maven projects] INFO  o.e.m.j.i.AbstractJavaProjectConfigurator - Adding source folder /shop/src/main/java
2025-08-20 17:46:03,979 [Worker-8: Importing Maven projects] INFO  o.e.m.j.i.AbstractJavaProjectConfigurator - Adding resource folder /shop/src/main/resources
2025-08-20 17:46:03,980 [Worker-8: Importing Maven projects] INFO  o.e.m.j.i.AbstractJavaProjectConfigurator - Adding resource folder /shop/src/main/resources
2025-08-20 17:46:03,981 [Worker-8: Importing Maven projects] INFO  o.e.m.j.i.AbstractJavaProjectConfigurator - Adding source folder /shop/src/test/java
2025-08-20 17:46:03,981 [Worker-8: Importing Maven projects] INFO  o.e.m.j.i.AbstractJavaProjectConfigurator - Adding resource folder /shop/src/test/resources
2025-08-20 17:46:04,108 [Worker-8: Importing Maven projects] INFO  o.e.m.c.i.p.ProjectConfigurationManager - Imported and configured 1 project(s) in 2 sec
2025-08-20 17:46:06,104 [Worker-6: Building] INFO  o.a.m.s.f.DefaultMavenResourcesFiltering - Copying 1 resource from src/main/resources to target/classes
2025-08-20 17:46:06,129 [Worker-6: Building] INFO  o.a.m.s.f.DefaultMavenResourcesFiltering - Copying 0 resource from src/main/resources to target/classes
2025-08-20 17:46:06,133 [Worker-6: Building] INFO  o.a.m.s.f.DefaultMavenResourcesFiltering - skip non existing resourceDirectory /home/junaid/Workspaces/shop-management-backend/shop/src/test/resources
2025-08-20 17:46:56,675 [Worker-14: Building] INFO  o.a.m.s.f.DefaultMavenResourcesFiltering - Copying 1 resource from src/main/resources to target/classes
2025-08-20 17:46:56,691 [Worker-14: Building] INFO  o.a.m.s.f.DefaultMavenResourcesFiltering - Copying 0 resource from src/main/resources to target/classes
2025-08-20 17:46:56,694 [Worker-14: Building] INFO  o.a.m.s.f.DefaultMavenResourcesFiltering - skip non existing resourceDirectory /home/junaid/Workspaces/shop-management-backend/shop/src/test/resources
2025-08-20 17:47:37,115 [Worker-22: Building] INFO  o.a.m.s.f.DefaultMavenResourcesFiltering - Copying 1 resource from src/main/resources to target/classes
2025-08-20 17:47:37,118 [Worker-22: Building] INFO  o.a.m.s.f.DefaultMavenResourcesFiltering - Copying 0 resource from src/main/resources to target/classes
2025-08-20 17:47:37,121 [Worker-22: Building] INFO  o.a.m.s.f.DefaultMavenResourcesFiltering - skip non existing resourceDirectory /home/junaid/Workspaces/shop-management-backend/shop/src/test/resources
2025-08-20 17:47:45,227 [main] INFO  o.e.m2e.actions.ExecutePomAction - Creating new launch configuration
2025-08-20 17:47:48,518 [Worker-4: Launching shop] INFO  o.eclipse.m2e.core.internal.Bundles - getClasspathEntries(Bundle=org.eclipse.m2e.maven.runtime_3.9.700.20240602-2313 [640])
2025-08-20 17:47:48,521 [Worker-4: Launching shop] INFO  o.eclipse.m2e.core.internal.Bundles - 	Entry: /home/junaid/Documents/eclipse/eclipse/plugins/org.eclipse.m2e.maven.runtime_3.9.700.20240602-2313
2025-08-20 17:47:48,522 [Worker-4: Launching shop] INFO  o.eclipse.m2e.core.internal.Bundles - 	Entry: /home/junaid/Documents/eclipse/eclipse/plugins/org.eclipse.m2e.maven.runtime_3.9.700.20240602-2313/jars/aopalliance-1.0.jar
2025-08-20 17:47:48,522 [Worker-4: Launching shop] INFO  o.eclipse.m2e.core.internal.Bundles - 	Entry: /home/junaid/Documents/eclipse/eclipse/plugins/org.eclipse.m2e.maven.runtime_3.9.700.20240602-2313/jars/guice-5.1.0.jar
2025-08-20 17:47:48,522 [Worker-4: Launching shop] INFO  o.eclipse.m2e.core.internal.Bundles - 	Entry: /home/junaid/Documents/eclipse/eclipse/plugins/org.eclipse.m2e.maven.runtime_3.9.700.20240602-2313/jars/httpclient-4.5.14.jar
2025-08-20 17:47:48,522 [Worker-4: Launching shop] INFO  o.eclipse.m2e.core.internal.Bundles - 	Entry: /home/junaid/Documents/eclipse/eclipse/plugins/org.eclipse.m2e.maven.runtime_3.9.700.20240602-2313/jars/httpcore-4.4.16.jar
2025-08-20 17:47:48,522 [Worker-4: Launching shop] INFO  o.eclipse.m2e.core.internal.Bundles - 	Entry: /home/junaid/Documents/eclipse/eclipse/plugins/org.eclipse.m2e.maven.runtime_3.9.700.20240602-2313/jars/jansi-2.4.1.jar
2025-08-20 17:47:48,522 [Worker-4: Launching shop] INFO  o.eclipse.m2e.core.internal.Bundles - 	Entry: /home/junaid/Documents/eclipse/eclipse/plugins/org.eclipse.m2e.maven.runtime_3.9.700.20240602-2313/jars/jcl-over-slf4j-1.7.36.jar
2025-08-20 17:47:48,522 [Worker-4: Launching shop] INFO  o.eclipse.m2e.core.internal.Bundles - 	Entry: /home/junaid/Documents/eclipse/eclipse/plugins/org.eclipse.m2e.maven.runtime_3.9.700.20240602-2313/jars/maven-artifact-3.9.7.jar
2025-08-20 17:47:48,522 [Worker-4: Launching shop] INFO  o.eclipse.m2e.core.internal.Bundles - 	Entry: /home/junaid/Documents/eclipse/eclipse/plugins/org.eclipse.m2e.maven.runtime_3.9.700.20240602-2313/jars/maven-builder-support-3.9.7.jar
2025-08-20 17:47:48,522 [Worker-4: Launching shop] INFO  o.eclipse.m2e.core.internal.Bundles - 	Entry: /home/junaid/Documents/eclipse/eclipse/plugins/org.eclipse.m2e.maven.runtime_3.9.700.20240602-2313/jars/maven-compat-3.9.7.jar
2025-08-20 17:47:48,522 [Worker-4: Launching shop] INFO  o.eclipse.m2e.core.internal.Bundles - 	Entry: /home/junaid/Documents/eclipse/eclipse/plugins/org.eclipse.m2e.maven.runtime_3.9.700.20240602-2313/jars/maven-core-3.9.7.jar
2025-08-20 17:47:48,522 [Worker-4: Launching shop] INFO  o.eclipse.m2e.core.internal.Bundles - 	Entry: /home/junaid/Documents/eclipse/eclipse/plugins/org.eclipse.m2e.maven.runtime_3.9.700.20240602-2313/jars/maven-embedder-3.9.7.jar
2025-08-20 17:47:48,522 [Worker-4: Launching shop] INFO  o.eclipse.m2e.core.internal.Bundles - 	Entry: /home/junaid/Documents/eclipse/eclipse/plugins/org.eclipse.m2e.maven.runtime_3.9.700.20240602-2313/jars/maven-model-3.9.7.jar
2025-08-20 17:47:48,522 [Worker-4: Launching shop] INFO  o.eclipse.m2e.core.internal.Bundles - 	Entry: /home/junaid/Documents/eclipse/eclipse/plugins/org.eclipse.m2e.maven.runtime_3.9.700.20240602-2313/jars/maven-model-builder-3.9.7.jar
2025-08-20 17:47:48,522 [Worker-4: Launching shop] INFO  o.eclipse.m2e.core.internal.Bundles - 	Entry: /home/junaid/Documents/eclipse/eclipse/plugins/org.eclipse.m2e.maven.runtime_3.9.700.20240602-2313/jars/maven-plugin-api-3.9.7.jar
2025-08-20 17:47:48,522 [Worker-4: Launching shop] INFO  o.eclipse.m2e.core.internal.Bundles - 	Entry: /home/junaid/Documents/eclipse/eclipse/plugins/org.eclipse.m2e.maven.runtime_3.9.700.20240602-2313/jars/maven-repository-metadata-3.9.7.jar
2025-08-20 17:47:48,522 [Worker-4: Launching shop] INFO  o.eclipse.m2e.core.internal.Bundles - 	Entry: /home/junaid/Documents/eclipse/eclipse/plugins/org.eclipse.m2e.maven.runtime_3.9.700.20240602-2313/jars/maven-resolver-api-1.9.20.jar
2025-08-20 17:47:48,523 [Worker-4: Launching shop] INFO  o.eclipse.m2e.core.internal.Bundles - 	Entry: /home/junaid/Documents/eclipse/eclipse/plugins/org.eclipse.m2e.maven.runtime_3.9.700.20240602-2313/jars/maven-resolver-connector-basic-1.9.20.jar
2025-08-20 17:47:48,523 [Worker-4: Launching shop] INFO  o.eclipse.m2e.core.internal.Bundles - 	Entry: /home/junaid/Documents/eclipse/eclipse/plugins/org.eclipse.m2e.maven.runtime_3.9.700.20240602-2313/jars/maven-resolver-impl-1.9.20.jar
2025-08-20 17:47:48,523 [Worker-4: Launching shop] INFO  o.eclipse.m2e.core.internal.Bundles - 	Entry: /home/junaid/Documents/eclipse/eclipse/plugins/org.eclipse.m2e.maven.runtime_3.9.700.20240602-2313/jars/maven-resolver-named-locks-1.9.20.jar
2025-08-20 17:47:48,523 [Worker-4: Launching shop] INFO  o.eclipse.m2e.core.internal.Bundles - 	Entry: /home/junaid/Documents/eclipse/eclipse/plugins/org.eclipse.m2e.maven.runtime_3.9.700.20240602-2313/jars/maven-resolver-provider-3.9.7.jar
2025-08-20 17:47:48,523 [Worker-4: Launching shop] INFO  o.eclipse.m2e.core.internal.Bundles - 	Entry: /home/junaid/Documents/eclipse/eclipse/plugins/org.eclipse.m2e.maven.runtime_3.9.700.20240602-2313/jars/maven-resolver-spi-1.9.20.jar
2025-08-20 17:47:48,523 [Worker-4: Launching shop] INFO  o.eclipse.m2e.core.internal.Bundles - 	Entry: /home/junaid/Documents/eclipse/eclipse/plugins/org.eclipse.m2e.maven.runtime_3.9.700.20240602-2313/jars/maven-resolver-transport-file-1.9.20.jar
2025-08-20 17:47:48,523 [Worker-4: Launching shop] INFO  o.eclipse.m2e.core.internal.Bundles - 	Entry: /home/junaid/Documents/eclipse/eclipse/plugins/org.eclipse.m2e.maven.runtime_3.9.700.20240602-2313/jars/maven-resolver-transport-http-1.9.20.jar
2025-08-20 17:47:48,523 [Worker-4: Launching shop] INFO  o.eclipse.m2e.core.internal.Bundles - 	Entry: /home/junaid/Documents/eclipse/eclipse/plugins/org.eclipse.m2e.maven.runtime_3.9.700.20240602-2313/jars/maven-resolver-transport-wagon-1.9.20.jar
2025-08-20 17:47:48,523 [Worker-4: Launching shop] INFO  o.eclipse.m2e.core.internal.Bundles - 	Entry: /home/junaid/Documents/eclipse/eclipse/plugins/org.eclipse.m2e.maven.runtime_3.9.700.20240602-2313/jars/maven-resolver-util-1.9.20.jar
2025-08-20 17:47:48,523 [Worker-4: Launching shop] INFO  o.eclipse.m2e.core.internal.Bundles - 	Entry: /home/junaid/Documents/eclipse/eclipse/plugins/org.eclipse.m2e.maven.runtime_3.9.700.20240602-2313/jars/maven-settings-3.9.7.jar
2025-08-20 17:47:48,523 [Worker-4: Launching shop] INFO  o.eclipse.m2e.core.internal.Bundles - 	Entry: /home/junaid/Documents/eclipse/eclipse/plugins/org.eclipse.m2e.maven.runtime_3.9.700.20240602-2313/jars/maven-settings-builder-3.9.7.jar
2025-08-20 17:47:48,523 [Worker-4: Launching shop] INFO  o.eclipse.m2e.core.internal.Bundles - 	Entry: /home/junaid/Documents/eclipse/eclipse/plugins/org.eclipse.m2e.maven.runtime_3.9.700.20240602-2313/jars/maven-shared-utils-3.4.2.jar
2025-08-20 17:47:48,523 [Worker-4: Launching shop] INFO  o.eclipse.m2e.core.internal.Bundles - 	Entry: /home/junaid/Documents/eclipse/eclipse/plugins/org.eclipse.m2e.maven.runtime_3.9.700.20240602-2313/jars/org.eclipse.sisu.inject-0.9.0.M2.jar
2025-08-20 17:47:48,523 [Worker-4: Launching shop] INFO  o.eclipse.m2e.core.internal.Bundles - 	Entry: /home/junaid/Documents/eclipse/eclipse/plugins/org.eclipse.m2e.maven.runtime_3.9.700.20240602-2313/jars/org.eclipse.sisu.plexus-0.9.0.M2.jar
2025-08-20 17:47:48,523 [Worker-4: Launching shop] INFO  o.eclipse.m2e.core.internal.Bundles - 	Entry: /home/junaid/Documents/eclipse/eclipse/plugins/org.eclipse.m2e.maven.runtime_3.9.700.20240602-2313/jars/plexus-build-api-0.0.7.jar
2025-08-20 17:47:48,523 [Worker-4: Launching shop] INFO  o.eclipse.m2e.core.internal.Bundles - 	Entry: /home/junaid/Documents/eclipse/eclipse/plugins/org.eclipse.m2e.maven.runtime_3.9.700.20240602-2313/jars/plexus-build-api-1.2.0.jar
2025-08-20 17:47:48,523 [Worker-4: Launching shop] INFO  o.eclipse.m2e.core.internal.Bundles - 	Entry: /home/junaid/Documents/eclipse/eclipse/plugins/org.eclipse.m2e.maven.runtime_3.9.700.20240602-2313/jars/plexus-cipher-2.0.jar
2025-08-20 17:47:48,523 [Worker-4: Launching shop] INFO  o.eclipse.m2e.core.internal.Bundles - 	Entry: /home/junaid/Documents/eclipse/eclipse/plugins/org.eclipse.m2e.maven.runtime_3.9.700.20240602-2313/jars/plexus-classworlds-2.8.0.jar
2025-08-20 17:47:48,523 [Worker-4: Launching shop] INFO  o.eclipse.m2e.core.internal.Bundles - 	Entry: /home/junaid/Documents/eclipse/eclipse/plugins/org.eclipse.m2e.maven.runtime_3.9.700.20240602-2313/jars/plexus-component-annotations-2.1.0.jar
2025-08-20 17:47:48,523 [Worker-4: Launching shop] INFO  o.eclipse.m2e.core.internal.Bundles - 	Entry: /home/junaid/Documents/eclipse/eclipse/plugins/org.eclipse.m2e.maven.runtime_3.9.700.20240602-2313/jars/plexus-interpolation-1.27.jar
2025-08-20 17:47:48,523 [Worker-4: Launching shop] INFO  o.eclipse.m2e.core.internal.Bundles - 	Entry: /home/junaid/Documents/eclipse/eclipse/plugins/org.eclipse.m2e.maven.runtime_3.9.700.20240602-2313/jars/plexus-sec-dispatcher-2.0.jar
2025-08-20 17:47:48,523 [Worker-4: Launching shop] INFO  o.eclipse.m2e.core.internal.Bundles - 	Entry: /home/junaid/Documents/eclipse/eclipse/plugins/org.eclipse.m2e.maven.runtime_3.9.700.20240602-2313/jars/plexus-utils-3.5.1.jar
2025-08-20 17:47:48,523 [Worker-4: Launching shop] INFO  o.eclipse.m2e.core.internal.Bundles - 	Entry: /home/junaid/Documents/eclipse/eclipse/plugins/org.eclipse.m2e.maven.runtime_3.9.700.20240602-2313/jars/wagon-file-3.5.3.jar
2025-08-20 17:47:48,523 [Worker-4: Launching shop] INFO  o.eclipse.m2e.core.internal.Bundles - 	Entry: /home/junaid/Documents/eclipse/eclipse/plugins/org.eclipse.m2e.maven.runtime_3.9.700.20240602-2313/jars/wagon-http-3.5.3.jar
2025-08-20 17:47:48,523 [Worker-4: Launching shop] INFO  o.eclipse.m2e.core.internal.Bundles - 	Entry: /home/junaid/Documents/eclipse/eclipse/plugins/org.eclipse.m2e.maven.runtime_3.9.700.20240602-2313/jars/wagon-http-shared-3.5.3.jar
2025-08-20 17:47:48,523 [Worker-4: Launching shop] INFO  o.eclipse.m2e.core.internal.Bundles - 	Entry: /home/junaid/Documents/eclipse/eclipse/plugins/org.eclipse.m2e.maven.runtime_3.9.700.20240602-2313/jars/wagon-provider-api-3.5.3.jar
2025-08-20 17:47:48,525 [Worker-4: Launching shop] INFO  o.eclipse.m2e.core.internal.Bundles - getClasspathEntries(Bundle=com.google.guava_33.2.0.jre [16])
2025-08-20 17:47:48,526 [Worker-4: Launching shop] INFO  o.eclipse.m2e.core.internal.Bundles - 	Entry: /home/junaid/Documents/eclipse/eclipse/plugins/com.google.guava_33.2.0.jre.jar
2025-08-20 17:47:48,526 [Worker-4: Launching shop] INFO  o.eclipse.m2e.core.internal.Bundles - getClasspathEntries(Bundle=slf4j.api_2.0.13 [1004])
2025-08-20 17:47:48,526 [Worker-4: Launching shop] INFO  o.eclipse.m2e.core.internal.Bundles - 	Entry: /home/junaid/Documents/eclipse/eclipse/plugins/slf4j.api_2.0.13.jar
2025-08-20 17:47:48,526 [Worker-4: Launching shop] INFO  o.eclipse.m2e.core.internal.Bundles - getClasspathEntries(Bundle=jakarta.inject.jakarta.inject-api_1.0.5 [33])
2025-08-20 17:47:48,526 [Worker-4: Launching shop] INFO  o.eclipse.m2e.core.internal.Bundles - 	Entry: /home/junaid/Documents/eclipse/eclipse/plugins/jakarta.inject.jakarta.inject-api_1.0.5.jar
2025-08-20 17:47:48,526 [Worker-4: Launching shop] INFO  o.eclipse.m2e.core.internal.Bundles - getClasspathEntries(Bundle=javax.annotation_1.3.5.v20200909-1856 [44])
2025-08-20 17:47:48,526 [Worker-4: Launching shop] INFO  o.eclipse.m2e.core.internal.Bundles - 	Entry: /home/junaid/Documents/eclipse/eclipse/plugins/javax.annotation_1.3.5.v20200909-1856.jar
2025-08-20 17:47:48,526 [Worker-4: Launching shop] INFO  o.eclipse.m2e.core.internal.Bundles - getClasspathEntries(Bundle=org.apache.commons.cli_1.8.0 [78])
2025-08-20 17:47:48,526 [Worker-4: Launching shop] INFO  o.eclipse.m2e.core.internal.Bundles - 	Entry: /home/junaid/Documents/eclipse/eclipse/plugins/org.apache.commons.cli_1.8.0.jar
2025-08-20 17:47:48,526 [Worker-4: Launching shop] INFO  o.eclipse.m2e.core.internal.Bundles - getClasspathEntries(Bundle=org.apache.commons.commons-codec_1.16.0 [81])
2025-08-20 17:47:48,526 [Worker-4: Launching shop] INFO  o.eclipse.m2e.core.internal.Bundles - 	Entry: /home/junaid/Documents/eclipse/eclipse/plugins/org.apache.commons.commons-codec_1.16.0.jar
2025-08-20 17:47:48,526 [Worker-4: Launching shop] INFO  o.eclipse.m2e.core.internal.Bundles - getClasspathEntries(Bundle=org.apache.commons.lang3_3.14.0 [89])
2025-08-20 17:47:48,527 [Worker-4: Launching shop] INFO  o.eclipse.m2e.core.internal.Bundles - 	Entry: /home/junaid/Documents/eclipse/eclipse/plugins/org.apache.commons.lang3_3.14.0.jar
2025-08-20 17:47:48,527 [Worker-4: Launching shop] INFO  o.eclipse.m2e.core.internal.Bundles - getClasspathEntries(Bundle=com.google.guava.failureaccess_1.0.2 [17])
2025-08-20 17:47:48,527 [Worker-4: Launching shop] INFO  o.eclipse.m2e.core.internal.Bundles - 	Entry: /home/junaid/Documents/eclipse/eclipse/plugins/com.google.guava.failureaccess_1.0.2.jar
2025-08-20 17:47:48,535 [Worker-4: Launching shop] INFO  o.e.m.i.launch.MavenLaunchDelegate - Run build in "/home/junaid/Workspaces/shop-management-backend/shop":
2025-08-20 17:47:48,548 [Worker-4: Launching shop] INFO  o.e.m.i.launch.MavenLaunchDelegate -  mvn  -B -Dstyle.color=always package
